C:\Program Files (x86)\Microsoft Visual Studio\2019\Community\MSBuild\Microsoft\VC\v160\Microsoft.CppBuild.targets(491,5): warning MSB8028: The intermediate directory (Debug\) contains files shared from another project (opengl2.0.vcxproj).  This can lead to incorrect clean and rebuild behavior.
  main.cpp
  The contents of <filesystem> are available only with C++17 or later.
C:\Users\asusrog\source\repos\opengl2.0\opengl2.0\shader_s.h(44,40): warning C4101: 'e': unreferenced local variable
C:\Program Files (x86)\Windows Kits\10\Include\10.0.18362.0\shared\minwindef.h(130,1): warning C4005: 'APIENTRY': macro redefinition
C:\Users\asusrog\source\repos\opengl2.0\Dependecies\include\GLFW\glfw3.h(123): message : see previous definition of 'APIENTRY'
C:\Users\asusrog\source\repos\opengl2.0\opengl2.0\compgeo.h(70,16): warning C4244: 'return': conversion from 'double' to 'float', possible loss of data
C:\Users\asusrog\source\repos\opengl2.0\opengl2.0\compgeo.h(78,27): warning C4018: '<': signed/unsigned mismatch
C:\Users\asusrog\source\repos\opengl2.0\opengl2.0\compgeo.h(90,27): warning C4018: '<': signed/unsigned mismatch
C:\Users\asusrog\source\repos\opengl2.0\opengl2.0\compgeo.h(106,31): warning C4018: '<': signed/unsigned mismatch
C:\Users\asusrog\source\repos\opengl2.0\opengl2.0\compgeo.h(132,28): warning C4305: 'initializing': truncation from 'int' to 'float'
C:\Users\asusrog\source\repos\opengl2.0\opengl2.0\compgeo.h(144,27): warning C4018: '<': signed/unsigned mismatch
C:\Users\asusrog\source\repos\opengl2.0\opengl2.0\compgeo.h(145,31): warning C4018: '<': signed/unsigned mismatch
C:\Users\asusrog\source\repos\opengl2.0\opengl2.0\compgeo.h(147,42): warning C4305: '=': truncation from 'int' to '_Ty'
          with
          [
              _Ty=float
          ]
C:\Users\asusrog\source\repos\opengl2.0\opengl2.0\compgeo.h(166,27): warning C4018: '<': signed/unsigned mismatch
C:\Users\asusrog\source\repos\opengl2.0\opengl2.0\compgeo.h(172,27): warning C4018: '<': signed/unsigned mismatch
C:\Users\asusrog\source\repos\opengl2.0\opengl2.0\compgeo.h(175,31): warning C4018: '<': signed/unsigned mismatch
C:\Users\asusrog\source\repos\opengl2.0\opengl2.0\compgeo.h(183,23): warning C4018: '<': signed/unsigned mismatch
C:\Users\asusrog\source\repos\opengl2.0\opengl2.0\compgeo.h(194,23): warning C4018: '<': signed/unsigned mismatch
C:\Users\asusrog\source\repos\opengl2.0\opengl2.0\compgeo.h(213,31): warning C4018: '<': signed/unsigned mismatch
C:\Users\asusrog\source\repos\opengl2.0\opengl2.0\compgeo.h(229,43): warning C4018: '<': signed/unsigned mismatch
C:\Users\asusrog\source\repos\opengl2.0\opengl2.0\compgeo.h(230,47): warning C4018: '<': signed/unsigned mismatch
C:\Users\asusrog\source\repos\opengl2.0\opengl2.0\compgeo.h(231,63): warning C4018: '<': signed/unsigned mismatch
C:\Users\asusrog\source\repos\opengl2.0\opengl2.0\compgeo.h(232,53): warning C4018: '<': signed/unsigned mismatch
C:\Users\asusrog\source\repos\opengl2.0\opengl2.0\compgeo.h(234,59): warning C4018: '<': signed/unsigned mismatch
C:\Users\asusrog\source\repos\opengl2.0\opengl2.0\compgeo.h(235,63): warning C4018: '<': signed/unsigned mismatch
C:\Users\asusrog\source\repos\opengl2.0\opengl2.0\compgeo.h(298,12): warning C4101: 'd': unreferenced local variable
C:\Users\asusrog\source\repos\opengl2.0\opengl2.0\compgeo.h(348,31): warning C4018: '<': signed/unsigned mismatch
C:\Users\asusrog\source\repos\opengl2.0\opengl2.0\compgeo.h(349,122): warning C4244: '+=': conversion from 'double' to 'float', possible loss of data
C:\Users\asusrog\source\repos\opengl2.0\opengl2.0\compgeo.h(369,31): warning C4018: '<': signed/unsigned mismatch
C:\Users\asusrog\source\repos\opengl2.0\opengl2.0\compgeo.h(404,19): warning C4018: '<=': signed/unsigned mismatch
C:\Users\asusrog\source\repos\opengl2.0\opengl2.0\compgeo.h(424,19): warning C4018: '<=': signed/unsigned mismatch
C:\Users\asusrog\source\repos\opengl2.0\opengl2.0\compgeo.h(427,39): warning C4244: '=': conversion from 'double' to 'float', possible loss of data
C:\Users\asusrog\source\repos\opengl2.0\opengl2.0\compgeo.h(442,18): warning C4018: '<': signed/unsigned mismatch
C:\Users\asusrog\source\repos\opengl2.0\opengl2.0\compgeo.h(464,15): warning C4244: '=': conversion from 'double' to 'int', possible loss of data
C:\Users\asusrog\source\repos\opengl2.0\opengl2.0\compgeo.h(465,15): warning C4244: '=': conversion from 'double' to 'int', possible loss of data
C:\Users\asusrog\source\repos\opengl2.0\opengl2.0\compgeo.h(488,21): warning C4305: '=': truncation from 'unsigned __int64' to 'float'
C:\Users\asusrog\source\repos\opengl2.0\opengl2.0\compgeo.h(490,23): warning C4018: '<': signed/unsigned mismatch
C:\Users\asusrog\source\repos\opengl2.0\opengl2.0\compgeo.h(491,31): warning C4018: '<': signed/unsigned mismatch
C:\Users\asusrog\source\repos\opengl2.0\opengl2.0\ui.h(121,38): warning C4244: 'argument': conversion from 'double' to 'GLfloat', possible loss of data
C:\Users\asusrog\source\repos\opengl2.0\opengl2.0\ui.h(121,29): warning C4244: 'argument': conversion from 'double' to 'GLfloat', possible loss of data
C:\Users\asusrog\source\repos\opengl2.0\opengl2.0\ui.h(121,20): warning C4244: 'argument': conversion from 'double' to 'GLfloat', possible loss of data
C:\Users\asusrog\source\repos\opengl2.0\opengl2.0\ui.h(124,32): warning C4244: 'argument': conversion from 'double' to 'GLfloat', possible loss of data
C:\Users\asusrog\source\repos\opengl2.0\opengl2.0\ui.h(124,22): warning C4244: 'argument': conversion from 'double' to 'GLfloat', possible loss of data
C:\Users\asusrog\source\repos\opengl2.0\opengl2.0\ui.h(125,32): warning C4244: 'argument': conversion from 'double' to 'GLfloat', possible loss of data
C:\Users\asusrog\source\repos\opengl2.0\opengl2.0\ui.h(125,22): warning C4244: 'argument': conversion from 'double' to 'GLfloat', possible loss of data
C:\Users\asusrog\source\repos\opengl2.0\opengl2.0\ui.h(131,38): warning C4244: 'argument': conversion from 'double' to 'GLfloat', possible loss of data
C:\Users\asusrog\source\repos\opengl2.0\opengl2.0\ui.h(131,29): warning C4244: 'argument': conversion from 'double' to 'GLfloat', possible loss of data
C:\Users\asusrog\source\repos\opengl2.0\opengl2.0\ui.h(131,20): warning C4244: 'argument': conversion from 'double' to 'GLfloat', possible loss of data
C:\Users\asusrog\source\repos\opengl2.0\opengl2.0\ui.h(134,23): warning C4244: 'argument': conversion from 'double' to 'GLfloat', possible loss of data
C:\Users\asusrog\source\repos\opengl2.0\opengl2.0\ui.h(134,18): warning C4244: 'argument': conversion from 'double' to 'GLfloat', possible loss of data
C:\Users\asusrog\source\repos\opengl2.0\opengl2.0\ui.h(135,24): warning C4244: 'argument': conversion from 'double' to 'GLfloat', possible loss of data
C:\Users\asusrog\source\repos\opengl2.0\opengl2.0\ui.h(135,18): warning C4244: 'argument': conversion from 'double' to 'GLfloat', possible loss of data
C:\Users\asusrog\source\repos\opengl2.0\opengl2.0\ui.h(136,24): warning C4244: 'argument': conversion from 'double' to 'GLfloat', possible loss of data
C:\Users\asusrog\source\repos\opengl2.0\opengl2.0\ui.h(136,18): warning C4244: 'argument': conversion from 'double' to 'GLfloat', possible loss of data
C:\Users\asusrog\source\repos\opengl2.0\opengl2.0\ui.h(144,31): warning C4018: '<': signed/unsigned mismatch
C:\Users\asusrog\source\repos\opengl2.0\opengl2.0\ui.h(154,31): warning C4018: '<': signed/unsigned mismatch
C:\Users\asusrog\source\repos\opengl2.0\opengl2.0\ui.h(156,39): warning C4018: '<': signed/unsigned mismatch
C:\Users\asusrog\source\repos\opengl2.0\opengl2.0\ui.h(169,38): warning C4244: 'argument': conversion from 'double' to 'GLfloat', possible loss of data
C:\Users\asusrog\source\repos\opengl2.0\opengl2.0\ui.h(169,29): warning C4244: 'argument': conversion from 'double' to 'GLfloat', possible loss of data
C:\Users\asusrog\source\repos\opengl2.0\opengl2.0\ui.h(169,20): warning C4244: 'argument': conversion from 'double' to 'GLfloat', possible loss of data
C:\Users\asusrog\source\repos\opengl2.0\opengl2.0\ui.h(171,20): warning C4244: 'argument': conversion from 'double' to 'GLfloat', possible loss of data
C:\Users\asusrog\source\repos\opengl2.0\opengl2.0\ui.h(171,16): warning C4244: 'argument': conversion from 'double' to 'GLfloat', possible loss of data
C:\Users\asusrog\source\repos\opengl2.0\opengl2.0\ui.h(172,20): warning C4244: 'argument': conversion from 'double' to 'GLfloat', possible loss of data
C:\Users\asusrog\source\repos\opengl2.0\opengl2.0\ui.h(172,16): warning C4244: 'argument': conversion from 'double' to 'GLfloat', possible loss of data
C:\Users\asusrog\source\repos\opengl2.0\opengl2.0\ui.h(173,20): warning C4244: 'argument': conversion from 'double' to 'GLfloat', possible loss of data
C:\Users\asusrog\source\repos\opengl2.0\opengl2.0\ui.h(173,16): warning C4244: 'argument': conversion from 'double' to 'GLfloat', possible loss of data
C:\Users\asusrog\source\repos\opengl2.0\opengl2.0\ui.h(174,20): warning C4244: 'argument': conversion from 'double' to 'GLfloat', possible loss of data
C:\Users\asusrog\source\repos\opengl2.0\opengl2.0\ui.h(174,16): warning C4244: 'argument': conversion from 'double' to 'GLfloat', possible loss of data
C:\Users\asusrog\source\repos\opengl2.0\opengl2.0\ui.h(175,20): warning C4244: 'argument': conversion from 'double' to 'GLfloat', possible loss of data
C:\Users\asusrog\source\repos\opengl2.0\opengl2.0\ui.h(175,16): warning C4244: 'argument': conversion from 'double' to 'GLfloat', possible loss of data
C:\Users\asusrog\source\repos\opengl2.0\opengl2.0\ui.h(176,20): warning C4244: 'argument': conversion from 'double' to 'GLfloat', possible loss of data
C:\Users\asusrog\source\repos\opengl2.0\opengl2.0\ui.h(176,16): warning C4244: 'argument': conversion from 'double' to 'GLfloat', possible loss of data
C:\Users\asusrog\source\repos\opengl2.0\opengl2.0\ui.h(188,42): warning C4244: 'argument': conversion from 'double' to 'GLfloat', possible loss of data
C:\Users\asusrog\source\repos\opengl2.0\opengl2.0\ui.h(188,33): warning C4244: 'argument': conversion from 'double' to 'GLfloat', possible loss of data
C:\Users\asusrog\source\repos\opengl2.0\opengl2.0\ui.h(188,24): warning C4244: 'argument': conversion from 'double' to 'GLfloat', possible loss of data
C:\Users\asusrog\source\repos\opengl2.0\opengl2.0\ui.h(190,24): warning C4244: 'argument': conversion from 'double' to 'GLfloat', possible loss of data
C:\Users\asusrog\source\repos\opengl2.0\opengl2.0\ui.h(190,20): warning C4244: 'argument': conversion from 'double' to 'GLfloat', possible loss of data
C:\Users\asusrog\source\repos\opengl2.0\opengl2.0\ui.h(191,24): warning C4244: 'argument': conversion from 'double' to 'GLfloat', possible loss of data
C:\Users\asusrog\source\repos\opengl2.0\opengl2.0\ui.h(191,20): warning C4244: 'argument': conversion from 'double' to 'GLfloat', possible loss of data
C:\Users\asusrog\source\repos\opengl2.0\opengl2.0\ui.h(192,24): warning C4244: 'argument': conversion from 'double' to 'GLfloat', possible loss of data
C:\Users\asusrog\source\repos\opengl2.0\opengl2.0\ui.h(192,20): warning C4244: 'argument': conversion from 'double' to 'GLfloat', possible loss of data
C:\Users\asusrog\source\repos\opengl2.0\opengl2.0\ui.h(193,24): warning C4244: 'argument': conversion from 'double' to 'GLfloat', possible loss of data
C:\Users\asusrog\source\repos\opengl2.0\opengl2.0\ui.h(193,20): warning C4244: 'argument': conversion from 'double' to 'GLfloat', possible loss of data
C:\Users\asusrog\source\repos\opengl2.0\opengl2.0\ui.h(194,24): warning C4244: 'argument': conversion from 'double' to 'GLfloat', possible loss of data
C:\Users\asusrog\source\repos\opengl2.0\opengl2.0\ui.h(194,20): warning C4244: 'argument': conversion from 'double' to 'GLfloat', possible loss of data
C:\Users\asusrog\source\repos\opengl2.0\opengl2.0\ui.h(195,24): warning C4244: 'argument': conversion from 'double' to 'GLfloat', possible loss of data
C:\Users\asusrog\source\repos\opengl2.0\opengl2.0\ui.h(195,20): warning C4244: 'argument': conversion from 'double' to 'GLfloat', possible loss of data
C:\Users\asusrog\source\repos\opengl2.0\opengl2.0\ui.h(198,92): warning C4244: 'argument': conversion from 'double' to 'float', possible loss of data
C:\Users\asusrog\source\repos\opengl2.0\opengl2.0\ui.h(198,48): warning C4244: 'argument': conversion from 'double' to 'float', possible loss of data
C:\Users\asusrog\source\repos\opengl2.0\opengl2.0\ui.h(206,31): warning C4018: '<': signed/unsigned mismatch
C:\Users\asusrog\source\repos\opengl2.0\opengl2.0\ui.h(219,31): warning C4018: '<': signed/unsigned mismatch
C:\Users\asusrog\source\repos\opengl2.0\opengl2.0\ui.h(223,31): warning C4018: '<': signed/unsigned mismatch
C:\Users\asusrog\source\repos\opengl2.0\opengl2.0\ui.h(290,27): warning C4305: '=': truncation from 'double' to 'float'
C:\Users\asusrog\source\repos\opengl2.0\opengl2.0\ui.h(301,23): warning C4305: '=': truncation from 'double' to 'float'
C:\Users\asusrog\source\repos\opengl2.0\opengl2.0\ui.h(313,27): warning C4305: '=': truncation from 'double' to 'float'
C:\Users\asusrog\source\repos\opengl2.0\opengl2.0\ui.h(323,27): warning C4305: '=': truncation from 'double' to 'float'
C:\Users\asusrog\source\repos\opengl2.0\opengl2.0\ui.h(325,28): warning C4305: '=': truncation from 'double' to 'float'
C:\Users\asusrog\source\repos\opengl2.0\opengl2.0\ui.h(327,27): warning C4305: '=': truncation from 'double' to 'float'
C:\Users\asusrog\source\repos\opengl2.0\opengl2.0\ui.h(329,27): warning C4305: '=': truncation from 'double' to 'float'
C:\Users\asusrog\source\repos\opengl2.0\opengl2.0\ui.h(338,31): warning C4018: '<': signed/unsigned mismatch
C:\Users\asusrog\source\repos\opengl2.0\opengl2.0\ui.h(371,17): warning C4244: 'initializing': conversion from 'double' to 'int', possible loss of data
C:\Users\asusrog\source\repos\opengl2.0\opengl2.0\ui.h(373,28): warning C4305: 'argument': truncation from 'double' to 'GLfloat'
C:\Users\asusrog\source\repos\opengl2.0\opengl2.0\ui.h(375,22): warning C4244: 'initializing': conversion from 'double' to 'float', possible loss of data
C:\Users\asusrog\source\repos\opengl2.0\opengl2.0\ui.h(376,28): warning C4244: 'argument': conversion from 'double' to 'GLfloat', possible loss of data
C:\Users\asusrog\source\repos\opengl2.0\opengl2.0\ui.h(378,28): warning C4244: 'argument': conversion from 'double' to 'GLfloat', possible loss of data
C:\Users\asusrog\source\repos\opengl2.0\opengl2.0\ui.h(379,27): warning C4244: 'argument': conversion from 'const unsigned int' to 'GLfloat', possible loss of data
C:\Users\asusrog\source\repos\opengl2.0\opengl2.0\ui.h(382,22): warning C4244: 'initializing': conversion from 'double' to 'float', possible loss of data
C:\Users\asusrog\source\repos\opengl2.0\opengl2.0\ui.h(383,28): warning C4244: 'argument': conversion from 'double' to 'GLfloat', possible loss of data
C:\Users\asusrog\source\repos\opengl2.0\opengl2.0\ui.h(385,28): warning C4244: 'argument': conversion from 'double' to 'GLfloat', possible loss of data
C:\Users\asusrog\source\repos\opengl2.0\opengl2.0\ui.h(386,27): warning C4244: 'argument': conversion from 'const unsigned int' to 'GLfloat', possible loss of data
C:\Users\asusrog\source\repos\opengl2.0\opengl2.0\ui.h(389,22): warning C4244: 'initializing': conversion from 'double' to 'float', possible loss of data
C:\Users\asusrog\source\repos\opengl2.0\opengl2.0\ui.h(390,21): warning C4244: 'argument': conversion from 'double' to 'GLfloat', possible loss of data
C:\Users\asusrog\source\repos\opengl2.0\opengl2.0\ui.h(392,21): warning C4244: 'argument': conversion from 'double' to 'GLfloat', possible loss of data
C:\Users\asusrog\source\repos\opengl2.0\opengl2.0\ui.h(393,20): warning C4244: 'argument': conversion from 'const unsigned int' to 'GLfloat', possible loss of data
C:\Users\asusrog\source\repos\opengl2.0\opengl2.0\ui.h(395,22): warning C4244: 'initializing': conversion from 'double' to 'float', possible loss of data
C:\Users\asusrog\source\repos\opengl2.0\opengl2.0\ui.h(396,21): warning C4244: 'argument': conversion from 'double' to 'GLfloat', possible loss of data
C:\Users\asusrog\source\repos\opengl2.0\opengl2.0\ui.h(398,21): warning C4244: 'argument': conversion from 'double' to 'GLfloat', possible loss of data
C:\Users\asusrog\source\repos\opengl2.0\opengl2.0\ui.h(399,20): warning C4244: 'argument': conversion from 'const unsigned int' to 'GLfloat', possible loss of data
C:\Users\asusrog\source\repos\opengl2.0\opengl2.0\ui.h(403,31): warning C4305: 'argument': truncation from 'double' to 'GLfloat'
C:\Users\asusrog\source\repos\opengl2.0\opengl2.0\ui.h(405,22): warning C4244: 'initializing': conversion from 'double' to 'float', possible loss of data
C:\Users\asusrog\source\repos\opengl2.0\opengl2.0\ui.h(405,65): warning C4244: '+=': conversion from 'double' to 'float', possible loss of data
C:\Users\asusrog\source\repos\opengl2.0\opengl2.0\ui.h(406,28): warning C4244: 'argument': conversion from 'double' to 'GLfloat', possible loss of data
C:\Users\asusrog\source\repos\opengl2.0\opengl2.0\ui.h(408,28): warning C4244: 'argument': conversion from 'double' to 'GLfloat', possible loss of data
C:\Users\asusrog\source\repos\opengl2.0\opengl2.0\ui.h(409,27): warning C4244: 'argument': conversion from 'const unsigned int' to 'GLfloat', possible loss of data
C:\Users\asusrog\source\repos\opengl2.0\opengl2.0\ui.h(412,22): warning C4244: 'initializing': conversion from 'double' to 'float', possible loss of data
C:\Users\asusrog\source\repos\opengl2.0\opengl2.0\ui.h(412,54): warning C4244: '-=': conversion from 'double' to 'float', possible loss of data
C:\Users\asusrog\source\repos\opengl2.0\opengl2.0\ui.h(413,28): warning C4244: 'argument': conversion from 'double' to 'GLfloat', possible loss of data
C:\Users\asusrog\source\repos\opengl2.0\opengl2.0\ui.h(415,28): warning C4244: 'argument': conversion from 'double' to 'GLfloat', possible loss of data
C:\Users\asusrog\source\repos\opengl2.0\opengl2.0\ui.h(416,27): warning C4244: 'argument': conversion from 'const unsigned int' to 'GLfloat', possible loss of data
C:\Users\asusrog\source\repos\opengl2.0\opengl2.0\ui.h(419,22): warning C4244: 'initializing': conversion from 'double' to 'float', possible loss of data
C:\Users\asusrog\source\repos\opengl2.0\opengl2.0\ui.h(419,66): warning C4244: '+=': conversion from 'double' to 'float', possible loss of data
C:\Users\asusrog\source\repos\opengl2.0\opengl2.0\ui.h(420,21): warning C4244: 'argument': conversion from 'double' to 'GLfloat', possible loss of data
C:\Users\asusrog\source\repos\opengl2.0\opengl2.0\ui.h(422,21): warning C4244: 'argument': conversion from 'double' to 'GLfloat', possible loss of data
C:\Users\asusrog\source\repos\opengl2.0\opengl2.0\ui.h(423,20): warning C4244: 'argument': conversion from 'const unsigned int' to 'GLfloat', possible loss of data
C:\Users\asusrog\source\repos\opengl2.0\opengl2.0\ui.h(425,22): warning C4244: 'initializing': conversion from 'double' to 'float', possible loss of data
C:\Users\asusrog\source\repos\opengl2.0\opengl2.0\ui.h(425,54): warning C4244: '-=': conversion from 'double' to 'float', possible loss of data
C:\Users\asusrog\source\repos\opengl2.0\opengl2.0\ui.h(426,21): warning C4244: 'argument': conversion from 'double' to 'GLfloat', possible loss of data
C:\Users\asusrog\source\repos\opengl2.0\opengl2.0\ui.h(428,21): warning C4244: 'argument': conversion from 'double' to 'GLfloat', possible loss of data
C:\Users\asusrog\source\repos\opengl2.0\opengl2.0\ui.h(429,20): warning C4244: 'argument': conversion from 'const unsigned int' to 'GLfloat', possible loss of data
C:\Users\asusrog\source\repos\opengl2.0\opengl2.0\ui.h(435,22): warning C4244: 'argument': conversion from 'double' to 'GLfloat', possible loss of data
C:\Users\asusrog\source\repos\opengl2.0\opengl2.0\ui.h(435,17): warning C4244: 'argument': conversion from 'double' to 'GLfloat', possible loss of data
C:\Users\asusrog\source\repos\opengl2.0\opengl2.0\ui.h(436,17): warning C4244: 'argument': conversion from 'double' to 'GLfloat', possible loss of data
C:\Users\asusrog\source\repos\opengl2.0\opengl2.0\ui.h(437,22): warning C4244: 'argument': conversion from 'double' to 'GLfloat', possible loss of data
C:\Users\asusrog\source\repos\opengl2.0\opengl2.0\ui.h(437,17): warning C4244: 'argument': conversion from 'double' to 'GLfloat', possible loss of data
C:\Users\asusrog\source\repos\opengl2.0\opengl2.0\ui.h(438,21): warning C4244: 'argument': conversion from 'const unsigned int' to 'GLfloat', possible loss of data
C:\Users\asusrog\source\repos\opengl2.0\opengl2.0\ui.h(438,17): warning C4244: 'argument': conversion from 'double' to 'GLfloat', possible loss of data
C:\Users\asusrog\source\repos\opengl2.0\opengl2.0\ui.h(439,22): warning C4244: 'argument': conversion from 'double' to 'GLfloat', possible loss of data
C:\Users\asusrog\source\repos\opengl2.0\opengl2.0\ui.h(439,17): warning C4244: 'argument': conversion from 'double' to 'GLfloat', possible loss of data
C:\Users\asusrog\source\repos\opengl2.0\opengl2.0\ui.h(440,20): warning C4244: 'argument': conversion from 'double' to 'GLfloat', possible loss of data
C:\Users\asusrog\source\repos\opengl2.0\opengl2.0\ui.h(441,22): warning C4244: 'argument': conversion from 'double' to 'GLfloat', possible loss of data
C:\Users\asusrog\source\repos\opengl2.0\opengl2.0\ui.h(441,17): warning C4244: 'argument': conversion from 'double' to 'GLfloat', possible loss of data
C:\Users\asusrog\source\repos\opengl2.0\opengl2.0\ui.h(442,31): warning C4244: 'argument': conversion from 'double' to 'GLfloat', possible loss of data
C:\Users\asusrog\source\repos\opengl2.0\opengl2.0\ui.h(442,16): warning C4244: 'argument': conversion from 'const unsigned int' to 'GLfloat', possible loss of data
C:\Users\asusrog\source\repos\opengl2.0\opengl2.0\ui.h(448,17): warning C4244: 'argument': conversion from 'int' to 'GLfloat', possible loss of data
C:\Users\asusrog\source\repos\opengl2.0\opengl2.0\ui.h(450,17): warning C4244: 'initializing': conversion from 'double' to 'float', possible loss of data
C:\Users\asusrog\source\repos\opengl2.0\opengl2.0\ui.h(451,38): warning C4244: 'argument': conversion from 'double' to 'GLfloat', possible loss of data
C:\Users\asusrog\source\repos\opengl2.0\opengl2.0\ui.h(451,29): warning C4244: 'argument': conversion from 'double' to 'GLfloat', possible loss of data
C:\Users\asusrog\source\repos\opengl2.0\opengl2.0\ui.h(451,20): warning C4244: 'argument': conversion from 'double' to 'GLfloat', possible loss of data
C:\Users\asusrog\source\repos\opengl2.0\opengl2.0\ui.h(452,17): warning C4244: 'initializing': conversion from 'double' to 'float', possible loss of data
C:\Users\asusrog\source\repos\opengl2.0\opengl2.0\ui.h(453,17): warning C4244: 'initializing': conversion from 'double' to 'float', possible loss of data
C:\Users\asusrog\source\repos\opengl2.0\opengl2.0\ui.h(457,20): warning C4244: 'initializing': conversion from 'double' to 'float', possible loss of data
C:\Users\asusrog\source\repos\opengl2.0\opengl2.0\ui.h(458,20): warning C4244: 'initializing': conversion from 'double' to 'float', possible loss of data
C:\Users\asusrog\source\repos\opengl2.0\opengl2.0\ui.h(476,17): warning C4244: 'initializing': conversion from 'double' to 'float', possible loss of data
C:\Users\asusrog\source\repos\opengl2.0\opengl2.0\ui.h(477,38): warning C4244: 'argument': conversion from 'double' to 'GLfloat', possible loss of data
C:\Users\asusrog\source\repos\opengl2.0\opengl2.0\ui.h(477,29): warning C4244: 'argument': conversion from 'double' to 'GLfloat', possible loss of data
C:\Users\asusrog\source\repos\opengl2.0\opengl2.0\ui.h(477,20): warning C4244: 'argument': conversion from 'double' to 'GLfloat', possible loss of data
C:\Users\asusrog\source\repos\opengl2.0\opengl2.0\ui.h(478,17): warning C4244: 'initializing': conversion from 'double' to 'float', possible loss of data
C:\Users\asusrog\source\repos\opengl2.0\opengl2.0\ui.h(479,17): warning C4244: 'initializing': conversion from 'double' to 'float', possible loss of data
C:\Users\asusrog\source\repos\opengl2.0\opengl2.0\ui.h(483,20): warning C4244: 'initializing': conversion from 'double' to 'float', possible loss of data
C:\Users\asusrog\source\repos\opengl2.0\opengl2.0\ui.h(484,20): warning C4244: 'initializing': conversion from 'double' to 'float', possible loss of data
C:\Users\asusrog\source\repos\opengl2.0\opengl2.0\ui.h(487,26): warning C4244: 'argument': conversion from 'double' to 'GLfloat', possible loss of data
C:\Users\asusrog\source\repos\opengl2.0\opengl2.0\ui.h(487,21): warning C4244: 'argument': conversion from 'double' to 'GLfloat', possible loss of data
C:\Users\asusrog\source\repos\opengl2.0\opengl2.0\ui.h(501,18): warning C4244: 'initializing': conversion from 'double' to 'float', possible loss of data
C:\Users\asusrog\source\repos\opengl2.0\opengl2.0\ui.h(512,31): warning C4018: '<': signed/unsigned mismatch
C:\Users\asusrog\source\repos\opengl2.0\opengl2.0\ui.h(522,31): warning C4018: '<': signed/unsigned mismatch
C:\Users\asusrog\source\repos\opengl2.0\opengl2.0\ui.h(523,113): warning C4244: 'argument': conversion from 'int' to 'float', possible loss of data
C:\Users\asusrog\source\repos\opengl2.0\opengl2.0\ui.h(531,94): warning C4244: 'argument': conversion from 'int' to 'float', possible loss of data
C:\Users\asusrog\source\repos\opengl2.0\opengl2.0\ui.h(540,23): warning C4305: '=': truncation from 'double' to 'float'
C:\Users\asusrog\source\repos\opengl2.0\opengl2.0\ui.h(557,23): warning C4305: '=': truncation from 'double' to 'float'
C:\Users\asusrog\source\repos\opengl2.0\opengl2.0\main.cpp(75,22): warning C4244: 'initializing': conversion from 'double' to 'float', possible loss of data
C:\Users\asusrog\source\repos\opengl2.0\opengl2.0\main.cpp(75,70): warning C4244: '+=': conversion from 'double' to 'float', possible loss of data
C:\Users\asusrog\source\repos\opengl2.0\opengl2.0\main.cpp(85,22): warning C4244: 'initializing': conversion from 'double' to 'float', possible loss of data
C:\Users\asusrog\source\repos\opengl2.0\opengl2.0\main.cpp(85,59): warning C4244: '-=': conversion from 'double' to 'float', possible loss of data
C:\Users\asusrog\source\repos\opengl2.0\opengl2.0\main.cpp(93,22): warning C4244: 'initializing': conversion from 'double' to 'float', possible loss of data
C:\Users\asusrog\source\repos\opengl2.0\opengl2.0\main.cpp(93,71): warning C4244: '+=': conversion from 'double' to 'float', possible loss of data
C:\Users\asusrog\source\repos\opengl2.0\opengl2.0\main.cpp(101,22): warning C4244: 'initializing': conversion from 'double' to 'float', possible loss of data
C:\Users\asusrog\source\repos\opengl2.0\opengl2.0\main.cpp(101,59): warning C4244: '-=': conversion from 'double' to 'float', possible loss of data
C:\Users\asusrog\source\repos\opengl2.0\opengl2.0\main.cpp(160,15): warning C4244: 'argument': conversion from 'time_t' to 'unsigned int', possible loss of data
C:\Users\asusrog\source\repos\opengl2.0\opengl2.0\main.cpp(184,54): warning C4244: 'argument': conversion from 'double' to 'float', possible loss of data
C:\Users\asusrog\source\repos\opengl2.0\opengl2.0\main.cpp(319,15): warning C4244: 'initializing': conversion from 'unsigned int' to 'GLfloat', possible loss of data
C:\Users\asusrog\source\repos\opengl2.0\opengl2.0\main.cpp(319,37): warning C4244: 'initializing': conversion from 'unsigned int' to 'GLfloat', possible loss of data
C:\Users\asusrog\source\repos\opengl2.0\opengl2.0\main.cpp(371,78): warning C4244: 'argument': conversion from 'double' to 'float', possible loss of data
C:\Users\asusrog\source\repos\opengl2.0\opengl2.0\main.cpp(379,80): warning C4244: 'argument': conversion from 'double' to 'float', possible loss of data
C:\Users\asusrog\source\repos\opengl2.0\opengl2.0\main.cpp(431,32): warning C4244: 'argument': conversion from 'double' to 'float', possible loss of data
C:\Users\asusrog\source\repos\opengl2.0\opengl2.0\main.cpp(431,27): warning C4244: 'argument': conversion from 'double' to 'float', possible loss of data
C:\Users\asusrog\source\repos\opengl2.0\opengl2.0\main.cpp(433,36): warning C4244: 'argument': conversion from 'double' to 'float', possible loss of data
C:\Users\asusrog\source\repos\opengl2.0\opengl2.0\main.cpp(440,83): warning C4244: 'argument': conversion from 'double' to 'float', possible loss of data
C:\Users\asusrog\source\repos\opengl2.0\opengl2.0\main.cpp(440,143): warning C4244: 'argument': conversion from 'double' to 'float', possible loss of data
C:\Users\asusrog\source\repos\opengl2.0\opengl2.0\main.cpp(447,97): warning C4244: 'argument': conversion from 'double' to 'float', possible loss of data
C:\Users\asusrog\source\repos\opengl2.0\opengl2.0\main.cpp(447,181): warning C4244: 'argument': conversion from 'double' to 'float', possible loss of data
C:\Users\asusrog\source\repos\opengl2.0\opengl2.0\main.cpp(455,46): warning C4244: 'argument': conversion from 'double' to 'float', possible loss of data
C:\Users\asusrog\source\repos\opengl2.0\opengl2.0\main.cpp(464,63): warning C4244: 'argument': conversion from 'double' to 'float', possible loss of data
C:\Users\asusrog\source\repos\opengl2.0\opengl2.0\main.cpp(469,62): warning C4244: 'argument': conversion from 'double' to 'float', possible loss of data
C:\Users\asusrog\source\repos\opengl2.0\opengl2.0\main.cpp(479,56): warning C4244: 'argument': conversion from 'double' to 'float', possible loss of data
  opengl2.0.vcxproj -> C:\Users\asusrog\source\repos\opengl2.0\Debug\ComputationalGeometryGUI.exe
